<?xml version="1.0" encoding="UTF-8"?>
<testsuite name="New user registration in Utest" tests="1" skipped="0" failures="0" errors="0" timestamp="2021-12-30T16:39:46" hostname="LAPTOP-THCUS655" time="65.841">
  <properties/>
  <testcase name="Camilo's registration on the Utest page" classname="New user registration in Utest" time="65.841"/>
  <system-out><![CDATA[]]></system-out>
  <system-err><![CDATA[[Test worker] WARN net.thucydides.core.steps.BaseStepListener - stepStarted: net.thucydides.core.steps.ExecutedStepDescription@7b69851a
[Test worker] WARN net.thucydides.core.steps.BaseStepListener - stepStarted: net.thucydides.core.steps.ExecutedStepDescription@3eca07a3
[Test worker] WARN net.thucydides.core.steps.BaseStepListener - stepStarted: net.thucydides.core.steps.ExecutedStepDescription@374cb2f8
dic 30, 2021 11:39:47 AM org.openqa.selenium.remote.DesiredCapabilities chrome
INFORMACIÓN: Using `new ChromeOptions()` is preferred to `DesiredCapabilities.chrome()`
[Test worker] INFO net.serenitybdd.core.webdriver.driverproviders.ProvideNewDriver - Instantiating driver
[Test worker] INFO net.serenitybdd.core.webdriver.driverproviders.ProvideNewDriver - Driver capabilities: Capabilities {acceptInsecureCerts: false, browserName: chrome, chrome.switches: --start-maximized, goog:chromeOptions: {args: [--start-maximized], extensions: []}, loggingPrefs: org.openqa.selenium.logging..., platform: ANY, version: }
Starting ChromeDriver 96.0.4664.45 (76e4c1bb2ab4671b8beba3444e61c0f17584b2fc-refs/branch-heads/4664@{#947}) on port 31387
Only local connections are allowed.
Please see https://chromedriver.chromium.org/security-considerations for suggestions on keeping ChromeDriver safe.
ChromeDriver was started successfully.
dic 30, 2021 11:39:49 AM org.openqa.selenium.remote.ProtocolHandshake createSession
INFORMACIÓN: Detected dialect: W3C
[Test worker] WARN net.thucydides.core.steps.BaseStepListener - stepFinished: current outcome:Camilo's registration on the Utest page:Given that Camilo wants to register on the Utest page [Camilo open up [Camilo opens the Utest page]]
[Test worker] WARN net.thucydides.core.steps.BaseStepListener - stepStarted: net.thucydides.core.steps.ExecutedStepDescription@866b028
[Test worker] WARN net.thucydides.core.steps.BaseStepListener - stepFinished: current outcome:Camilo's registration on the Utest page:Given that Camilo wants to register on the Utest page [Camilo open up [Camilo opens the Utest page, Camilo clicks on button that shows us the registration form]]
[Test worker] WARN net.thucydides.core.steps.BaseStepListener - stepFinished: current outcome:Camilo's registration on the Utest page:Given that Camilo wants to register on the Utest page [Camilo open up [Camilo opens the Utest page, Camilo clicks on button that shows us the registration form]]
[Test worker] WARN net.thucydides.core.steps.BaseStepListener - stepFinished: current outcome:Camilo's registration on the Utest page:Given that Camilo wants to register on the Utest page [Camilo open up [Camilo opens the Utest page, Camilo clicks on button that shows us the registration form]]
[Test worker] WARN net.thucydides.core.steps.BaseStepListener - stepStarted: net.thucydides.core.steps.ExecutedStepDescription@509e0789
[Test worker] WARN net.thucydides.core.steps.BaseStepListener - stepStarted: net.thucydides.core.steps.ExecutedStepDescription@28663637
[Test worker] WARN net.thucydides.core.steps.BaseStepListener - stepStarted: net.thucydides.core.steps.ExecutedStepDescription@205e8fa3
[Test worker] WARN net.thucydides.core.steps.BaseStepListener - stepFinished: current outcome:Camilo's registration on the Utest page:Given that Camilo wants to register on the Utest page [Camilo open up [Camilo opens the Utest page, Camilo clicks on button that shows us the registration form]], When Enter all the required data and necessary permissions
| strName | strLastName | strEmail | strBirthMonth | strBirthDay | strBirthYear | strCity | strPostalCode | strCountry | strComputer | strVersion | strLanguage | strMobile | strModel | strSystem | strPassword |
| Camilo | Quevedo | camoeeee@hotmail.com | May | 26 | 1996 | Villavicencio | 500001 | Colombia | Windows | Windows 10 Home | Spanish | Xiaomi | Mi A3 | Android 10 | Camilo12345 | [Camilo insert personal data [Camilo enters 'Camilo' into button that show us the form to name]]
[Test worker] WARN net.thucydides.core.steps.BaseStepListener - stepStarted: net.thucydides.core.steps.ExecutedStepDescription@5d52a581
[Test worker] WARN net.thucydides.core.steps.BaseStepListener - stepFinished: current outcome:Camilo's registration on the Utest page:Given that Camilo wants to register on the Utest page [Camilo open up [Camilo opens the Utest page, Camilo clicks on button that shows us the registration form]], When Enter all the required data and necessary permissions
| strName | strLastName | strEmail | strBirthMonth | strBirthDay | strBirthYear | strCity | strPostalCode | strCountry | strComputer | strVersion | strLanguage | strMobile | strModel | strSystem | strPassword |
| Camilo | Quevedo | camoeeee@hotmail.com | May | 26 | 1996 | Villavicencio | 500001 | Colombia | Windows | Windows 10 Home | Spanish | Xiaomi | Mi A3 | Android 10 | Camilo12345 | [Camilo insert personal data [Camilo enters 'Camilo' into button that show us the form to name, Camilo enters 'Quevedo' into button that show us the form to last name]]
[Test worker] WARN net.thucydides.core.steps.BaseStepListener - stepStarted: net.thucydides.core.steps.ExecutedStepDescription@3da1c9a9
[Test worker] WARN net.thucydides.core.steps.BaseStepListener - stepFinished: current outcome:Camilo's registration on the Utest page:Given that Camilo wants to register on the Utest page [Camilo open up [Camilo opens the Utest page, Camilo clicks on button that shows us the registration form]], When Enter all the required data and necessary permissions
| strName | strLastName | strEmail | strBirthMonth | strBirthDay | strBirthYear | strCity | strPostalCode | strCountry | strComputer | strVersion | strLanguage | strMobile | strModel | strSystem | strPassword |
| Camilo | Quevedo | camoeeee@hotmail.com | May | 26 | 1996 | Villavicencio | 500001 | Colombia | Windows | Windows 10 Home | Spanish | Xiaomi | Mi A3 | Android 10 | Camilo12345 | [Camilo insert personal data [Camilo enters 'Camilo' into button that show us the form to name, Camilo enters 'Quevedo' into button that show us the form to last name, Camilo enters 'camoeeee@hotmail.com' into button that show us the form to email]]
[Test worker] WARN net.thucydides.core.steps.BaseStepListener - stepStarted: net.thucydides.core.steps.ExecutedStepDescription@1eda392c
[Test worker] WARN net.thucydides.core.steps.BaseStepListener - stepFinished: current outcome:Camilo's registration on the Utest page:Given that Camilo wants to register on the Utest page [Camilo open up [Camilo opens the Utest page, Camilo clicks on button that shows us the registration form]], When Enter all the required data and necessary permissions
| strName | strLastName | strEmail | strBirthMonth | strBirthDay | strBirthYear | strCity | strPostalCode | strCountry | strComputer | strVersion | strLanguage | strMobile | strModel | strSystem | strPassword |
| Camilo | Quevedo | camoeeee@hotmail.com | May | 26 | 1996 | Villavicencio | 500001 | Colombia | Windows | Windows 10 Home | Spanish | Xiaomi | Mi A3 | Android 10 | Camilo12345 | [Camilo insert personal data [Camilo enters 'Camilo' into button that show us the form to name, Camilo enters 'Quevedo' into button that show us the form to last name, Camilo enters 'camoeeee@hotmail.com' into button that show us the form to email, Camilo select May on button that show us the form to birth month]]
[Test worker] WARN net.thucydides.core.steps.BaseStepListener - stepStarted: net.thucydides.core.steps.ExecutedStepDescription@c1bc170
[Test worker] WARN net.thucydides.core.steps.BaseStepListener - stepFinished: current outcome:Camilo's registration on the Utest page:Given that Camilo wants to register on the Utest page [Camilo open up [Camilo opens the Utest page, Camilo clicks on button that shows us the registration form]], When Enter all the required data and necessary permissions
| strName | strLastName | strEmail | strBirthMonth | strBirthDay | strBirthYear | strCity | strPostalCode | strCountry | strComputer | strVersion | strLanguage | strMobile | strModel | strSystem | strPassword |
| Camilo | Quevedo | camoeeee@hotmail.com | May | 26 | 1996 | Villavicencio | 500001 | Colombia | Windows | Windows 10 Home | Spanish | Xiaomi | Mi A3 | Android 10 | Camilo12345 | [Camilo insert personal data [Camilo enters 'Camilo' into button that show us the form to name, Camilo enters 'Quevedo' into button that show us the form to last name, Camilo enters 'camoeeee@hotmail.com' into button that show us the form to email, Camilo select May on button that show us the form to birth month, Camilo select 26 on button that show us the form to birthday]]
[Test worker] WARN net.thucydides.core.steps.BaseStepListener - stepStarted: net.thucydides.core.steps.ExecutedStepDescription@df57bd5
[Test worker] WARN net.thucydides.core.steps.BaseStepListener - stepFinished: current outcome:Camilo's registration on the Utest page:Given that Camilo wants to register on the Utest page [Camilo open up [Camilo opens the Utest page, Camilo clicks on button that shows us the registration form]], When Enter all the required data and necessary permissions
| strName | strLastName | strEmail | strBirthMonth | strBirthDay | strBirthYear | strCity | strPostalCode | strCountry | strComputer | strVersion | strLanguage | strMobile | strModel | strSystem | strPassword |
| Camilo | Quevedo | camoeeee@hotmail.com | May | 26 | 1996 | Villavicencio | 500001 | Colombia | Windows | Windows 10 Home | Spanish | Xiaomi | Mi A3 | Android 10 | Camilo12345 | [Camilo insert personal data [Camilo enters 'Camilo' into button that show us the form to name, Camilo enters 'Quevedo' into button that show us the form to last name, Camilo enters 'camoeeee@hotmail.com' into button that show us the form to email, Camilo select May on button that show us the form to birth month, Camilo select 26 on button that show us the form to birthday, Camilo select 1996 on button that show us the form to birth year]]
[Test worker] WARN net.thucydides.core.steps.BaseStepListener - stepStarted: net.thucydides.core.steps.ExecutedStepDescription@76893838
[Test worker] WARN net.thucydides.core.steps.BaseStepListener - stepFinished: current outcome:Camilo's registration on the Utest page:Given that Camilo wants to register on the Utest page [Camilo open up [Camilo opens the Utest page, Camilo clicks on button that shows us the registration form]], When Enter all the required data and necessary permissions
| strName | strLastName | strEmail | strBirthMonth | strBirthDay | strBirthYear | strCity | strPostalCode | strCountry | strComputer | strVersion | strLanguage | strMobile | strModel | strSystem | strPassword |
| Camilo | Quevedo | camoeeee@hotmail.com | May | 26 | 1996 | Villavicencio | 500001 | Colombia | Windows | Windows 10 Home | Spanish | Xiaomi | Mi A3 | Android 10 | Camilo12345 | [Camilo insert personal data [Camilo enters 'Camilo' into button that show us the form to name, Camilo enters 'Quevedo' into button that show us the form to last name, Camilo enters 'camoeeee@hotmail.com' into button that show us the form to email, Camilo select May on button that show us the form to birth month, Camilo select 26 on button that show us the form to birthday, Camilo select 1996 on button that show us the form to birth year, Camilo clicks on button that directs to the next location]]
[Test worker] WARN net.thucydides.core.steps.BaseStepListener - stepFinished: current outcome:Camilo's registration on the Utest page:Given that Camilo wants to register on the Utest page [Camilo open up [Camilo opens the Utest page, Camilo clicks on button that shows us the registration form]], When Enter all the required data and necessary permissions
| strName | strLastName | strEmail | strBirthMonth | strBirthDay | strBirthYear | strCity | strPostalCode | strCountry | strComputer | strVersion | strLanguage | strMobile | strModel | strSystem | strPassword |
| Camilo | Quevedo | camoeeee@hotmail.com | May | 26 | 1996 | Villavicencio | 500001 | Colombia | Windows | Windows 10 Home | Spanish | Xiaomi | Mi A3 | Android 10 | Camilo12345 | [Camilo insert personal data [Camilo enters 'Camilo' into button that show us the form to name, Camilo enters 'Quevedo' into button that show us the form to last name, Camilo enters 'camoeeee@hotmail.com' into button that show us the form to email, Camilo select May on button that show us the form to birth month, Camilo select 26 on button that show us the form to birthday, Camilo select 1996 on button that show us the form to birth year, Camilo clicks on button that directs to the next location]]
[Test worker] WARN net.thucydides.core.steps.BaseStepListener - stepStarted: net.thucydides.core.steps.ExecutedStepDescription@145e4c3b
[Test worker] WARN net.thucydides.core.steps.BaseStepListener - stepStarted: net.thucydides.core.steps.ExecutedStepDescription@70e11b97
[Test worker] WARN net.thucydides.core.steps.BaseStepListener - stepFinished: current outcome:Camilo's registration on the Utest page:Given that Camilo wants to register on the Utest page [Camilo open up [Camilo opens the Utest page, Camilo clicks on button that shows us the registration form]], When Enter all the required data and necessary permissions
| strName | strLastName | strEmail | strBirthMonth | strBirthDay | strBirthYear | strCity | strPostalCode | strCountry | strComputer | strVersion | strLanguage | strMobile | strModel | strSystem | strPassword |
| Camilo | Quevedo | camoeeee@hotmail.com | May | 26 | 1996 | Villavicencio | 500001 | Colombia | Windows | Windows 10 Home | Spanish | Xiaomi | Mi A3 | Android 10 | Camilo12345 | [Camilo insert personal data [Camilo enters 'Camilo' into button that show us the form to name, Camilo enters 'Quevedo' into button that show us the form to last name, Camilo enters 'camoeeee@hotmail.com' into button that show us the form to email, Camilo select May on button that show us the form to birth month, Camilo select 26 on button that show us the form to birthday, Camilo select 1996 on button that show us the form to birth year, Camilo clicks on button that directs to the next location], Camilo insert personal location [Camilo enters 'Villavicencio' into button that show us the form to city]]
[Test worker] WARN net.thucydides.core.steps.BaseStepListener - stepStarted: net.thucydides.core.steps.ExecutedStepDescription@69db9ddf
[Test worker] WARN net.thucydides.core.steps.BaseStepListener - stepFinished: current outcome:Camilo's registration on the Utest page:Given that Camilo wants to register on the Utest page [Camilo open up [Camilo opens the Utest page, Camilo clicks on button that shows us the registration form]], When Enter all the required data and necessary permissions
| strName | strLastName | strEmail | strBirthMonth | strBirthDay | strBirthYear | strCity | strPostalCode | strCountry | strComputer | strVersion | strLanguage | strMobile | strModel | strSystem | strPassword |
| Camilo | Quevedo | camoeeee@hotmail.com | May | 26 | 1996 | Villavicencio | 500001 | Colombia | Windows | Windows 10 Home | Spanish | Xiaomi | Mi A3 | Android 10 | Camilo12345 | [Camilo insert personal data [Camilo enters 'Camilo' into button that show us the form to name, Camilo enters 'Quevedo' into button that show us the form to last name, Camilo enters 'camoeeee@hotmail.com' into button that show us the form to email, Camilo select May on button that show us the form to birth month, Camilo select 26 on button that show us the form to birthday, Camilo select 1996 on button that show us the form to birth year, Camilo clicks on button that directs to the next location], Camilo insert personal location [Camilo enters 'Villavicencio' into button that show us the form to city, Camilo types 'ARROW_DOWN' in button that show us the form to city]]
[Test worker] WARN net.thucydides.core.steps.BaseStepListener - stepStarted: net.thucydides.core.steps.ExecutedStepDescription@332479d3
[Test worker] WARN net.thucydides.core.steps.BaseStepListener - stepFinished: current outcome:Camilo's registration on the Utest page:Given that Camilo wants to register on the Utest page [Camilo open up [Camilo opens the Utest page, Camilo clicks on button that shows us the registration form]], When Enter all the required data and necessary permissions
| strName | strLastName | strEmail | strBirthMonth | strBirthDay | strBirthYear | strCity | strPostalCode | strCountry | strComputer | strVersion | strLanguage | strMobile | strModel | strSystem | strPassword |
| Camilo | Quevedo | camoeeee@hotmail.com | May | 26 | 1996 | Villavicencio | 500001 | Colombia | Windows | Windows 10 Home | Spanish | Xiaomi | Mi A3 | Android 10 | Camilo12345 | [Camilo insert personal data [Camilo enters 'Camilo' into button that show us the form to name, Camilo enters 'Quevedo' into button that show us the form to last name, Camilo enters 'camoeeee@hotmail.com' into button that show us the form to email, Camilo select May on button that show us the form to birth month, Camilo select 26 on button that show us the form to birthday, Camilo select 1996 on button that show us the form to birth year, Camilo clicks on button that directs to the next location], Camilo insert personal location [Camilo enters 'Villavicencio' into button that show us the form to city, Camilo types 'ARROW_DOWN' in button that show us the form to city, Camilo types 'ENTER' in button that show us the form to city]]
[Test worker] WARN net.thucydides.core.steps.BaseStepListener - stepStarted: net.thucydides.core.steps.ExecutedStepDescription@68964381
[Test worker] WARN net.thucydides.core.steps.BaseStepListener - stepFinished: current outcome:Camilo's registration on the Utest page:Given that Camilo wants to register on the Utest page [Camilo open up [Camilo opens the Utest page, Camilo clicks on button that shows us the registration form]], When Enter all the required data and necessary permissions
| strName | strLastName | strEmail | strBirthMonth | strBirthDay | strBirthYear | strCity | strPostalCode | strCountry | strComputer | strVersion | strLanguage | strMobile | strModel | strSystem | strPassword |
| Camilo | Quevedo | camoeeee@hotmail.com | May | 26 | 1996 | Villavicencio | 500001 | Colombia | Windows | Windows 10 Home | Spanish | Xiaomi | Mi A3 | Android 10 | Camilo12345 | [Camilo insert personal data [Camilo enters 'Camilo' into button that show us the form to name, Camilo enters 'Quevedo' into button that show us the form to last name, Camilo enters 'camoeeee@hotmail.com' into button that show us the form to email, Camilo select May on button that show us the form to birth month, Camilo select 26 on button that show us the form to birthday, Camilo select 1996 on button that show us the form to birth year, Camilo clicks on button that directs to the next location], Camilo insert personal location [Camilo enters 'Villavicencio' into button that show us the form to city, Camilo types 'ARROW_DOWN' in button that show us the form to city, Camilo types 'ENTER' in button that show us the form to city, Camilo enters '500001' into button that show us the form to postal code]]
[Test worker] WARN net.thucydides.core.steps.BaseStepListener - stepStarted: net.thucydides.core.steps.ExecutedStepDescription@1dd7a01d
[Test worker] WARN net.thucydides.core.steps.BaseStepListener - stepFinished: current outcome:Camilo's registration on the Utest page:Given that Camilo wants to register on the Utest page [Camilo open up [Camilo opens the Utest page, Camilo clicks on button that shows us the registration form]], When Enter all the required data and necessary permissions
| strName | strLastName | strEmail | strBirthMonth | strBirthDay | strBirthYear | strCity | strPostalCode | strCountry | strComputer | strVersion | strLanguage | strMobile | strModel | strSystem | strPassword |
| Camilo | Quevedo | camoeeee@hotmail.com | May | 26 | 1996 | Villavicencio | 500001 | Colombia | Windows | Windows 10 Home | Spanish | Xiaomi | Mi A3 | Android 10 | Camilo12345 | [Camilo insert personal data [Camilo enters 'Camilo' into button that show us the form to name, Camilo enters 'Quevedo' into button that show us the form to last name, Camilo enters 'camoeeee@hotmail.com' into button that show us the form to email, Camilo select May on button that show us the form to birth month, Camilo select 26 on button that show us the form to birthday, Camilo select 1996 on button that show us the form to birth year, Camilo clicks on button that directs to the next location], Camilo insert personal location [Camilo enters 'Villavicencio' into button that show us the form to city, Camilo types 'ARROW_DOWN' in button that show us the form to city, Camilo types 'ENTER' in button that show us the form to city, Camilo enters '500001' into button that show us the form to postal code, Camilo clicks on button that directs to the next devices]]
[Test worker] WARN net.thucydides.core.steps.BaseStepListener - stepFinished: current outcome:Camilo's registration on the Utest page:Given that Camilo wants to register on the Utest page [Camilo open up [Camilo opens the Utest page, Camilo clicks on button that shows us the registration form]], When Enter all the required data and necessary permissions
| strName | strLastName | strEmail | strBirthMonth | strBirthDay | strBirthYear | strCity | strPostalCode | strCountry | strComputer | strVersion | strLanguage | strMobile | strModel | strSystem | strPassword |
| Camilo | Quevedo | camoeeee@hotmail.com | May | 26 | 1996 | Villavicencio | 500001 | Colombia | Windows | Windows 10 Home | Spanish | Xiaomi | Mi A3 | Android 10 | Camilo12345 | [Camilo insert personal data [Camilo enters 'Camilo' into button that show us the form to name, Camilo enters 'Quevedo' into button that show us the form to last name, Camilo enters 'camoeeee@hotmail.com' into button that show us the form to email, Camilo select May on button that show us the form to birth month, Camilo select 26 on button that show us the form to birthday, Camilo select 1996 on button that show us the form to birth year, Camilo clicks on button that directs to the next location], Camilo insert personal location [Camilo enters 'Villavicencio' into button that show us the form to city, Camilo types 'ARROW_DOWN' in button that show us the form to city, Camilo types 'ENTER' in button that show us the form to city, Camilo enters '500001' into button that show us the form to postal code, Camilo clicks on button that directs to the next devices]]
[Test worker] WARN net.thucydides.core.steps.BaseStepListener - stepStarted: net.thucydides.core.steps.ExecutedStepDescription@5641fd77
[Test worker] WARN net.thucydides.core.steps.BaseStepListener - stepStarted: net.thucydides.core.steps.ExecutedStepDescription@7cd65206
[Test worker] WARN net.thucydides.core.steps.BaseStepListener - stepFinished: current outcome:Camilo's registration on the Utest page:Given that Camilo wants to register on the Utest page [Camilo open up [Camilo opens the Utest page, Camilo clicks on button that shows us the registration form]], When Enter all the required data and necessary permissions
| strName | strLastName | strEmail | strBirthMonth | strBirthDay | strBirthYear | strCity | strPostalCode | strCountry | strComputer | strVersion | strLanguage | strMobile | strModel | strSystem | strPassword |
| Camilo | Quevedo | camoeeee@hotmail.com | May | 26 | 1996 | Villavicencio | 500001 | Colombia | Windows | Windows 10 Home | Spanish | Xiaomi | Mi A3 | Android 10 | Camilo12345 | [Camilo insert personal data [Camilo enters 'Camilo' into button that show us the form to name, Camilo enters 'Quevedo' into button that show us the form to last name, Camilo enters 'camoeeee@hotmail.com' into button that show us the form to email, Camilo select May on button that show us the form to birth month, Camilo select 26 on button that show us the form to birthday, Camilo select 1996 on button that show us the form to birth year, Camilo clicks on button that directs to the next location], Camilo insert personal location [Camilo enters 'Villavicencio' into button that show us the form to city, Camilo types 'ARROW_DOWN' in button that show us the form to city, Camilo types 'ENTER' in button that show us the form to city, Camilo enters '500001' into button that show us the form to postal code, Camilo clicks on button that directs to the next devices], Camilo insert personal devices [Camilo clicks on button that show us the form to computer container]]
[Test worker] WARN net.thucydides.core.steps.BaseStepListener - stepStarted: net.thucydides.core.steps.ExecutedStepDescription@3a38d8c3
[Test worker] WARN net.thucydides.core.steps.BaseStepListener - stepFinished: current outcome:Camilo's registration on the Utest page:Given that Camilo wants to register on the Utest page [Camilo open up [Camilo opens the Utest page, Camilo clicks on button that shows us the registration form]], When Enter all the required data and necessary permissions
| strName | strLastName | strEmail | strBirthMonth | strBirthDay | strBirthYear | strCity | strPostalCode | strCountry | strComputer | strVersion | strLanguage | strMobile | strModel | strSystem | strPassword |
| Camilo | Quevedo | camoeeee@hotmail.com | May | 26 | 1996 | Villavicencio | 500001 | Colombia | Windows | Windows 10 Home | Spanish | Xiaomi | Mi A3 | Android 10 | Camilo12345 | [Camilo insert personal data [Camilo enters 'Camilo' into button that show us the form to name, Camilo enters 'Quevedo' into button that show us the form to last name, Camilo enters 'camoeeee@hotmail.com' into button that show us the form to email, Camilo select May on button that show us the form to birth month, Camilo select 26 on button that show us the form to birthday, Camilo select 1996 on button that show us the form to birth year, Camilo clicks on button that directs to the next location], Camilo insert personal location [Camilo enters 'Villavicencio' into button that show us the form to city, Camilo types 'ARROW_DOWN' in button that show us the form to city, Camilo types 'ENTER' in button that show us the form to city, Camilo enters '500001' into button that show us the form to postal code, Camilo clicks on button that directs to the next devices], Camilo insert personal devices [Camilo clicks on button that show us the form to computer container, Camilo enters 'Windows' then hits ARROW_DOWN and ENTER into button that show us the form to computer]]
[Test worker] WARN net.thucydides.core.steps.BaseStepListener - stepStarted: net.thucydides.core.steps.ExecutedStepDescription@510b36bb
[Test worker] WARN net.thucydides.core.steps.BaseStepListener - stepFinished: current outcome:Camilo's registration on the Utest page:Given that Camilo wants to register on the Utest page [Camilo open up [Camilo opens the Utest page, Camilo clicks on button that shows us the registration form]], When Enter all the required data and necessary permissions
| strName | strLastName | strEmail | strBirthMonth | strBirthDay | strBirthYear | strCity | strPostalCode | strCountry | strComputer | strVersion | strLanguage | strMobile | strModel | strSystem | strPassword |
| Camilo | Quevedo | camoeeee@hotmail.com | May | 26 | 1996 | Villavicencio | 500001 | Colombia | Windows | Windows 10 Home | Spanish | Xiaomi | Mi A3 | Android 10 | Camilo12345 | [Camilo insert personal data [Camilo enters 'Camilo' into button that show us the form to name, Camilo enters 'Quevedo' into button that show us the form to last name, Camilo enters 'camoeeee@hotmail.com' into button that show us the form to email, Camilo select May on button that show us the form to birth month, Camilo select 26 on button that show us the form to birthday, Camilo select 1996 on button that show us the form to birth year, Camilo clicks on button that directs to the next location], Camilo insert personal location [Camilo enters 'Villavicencio' into button that show us the form to city, Camilo types 'ARROW_DOWN' in button that show us the form to city, Camilo types 'ENTER' in button that show us the form to city, Camilo enters '500001' into button that show us the form to postal code, Camilo clicks on button that directs to the next devices], Camilo insert personal devices [Camilo clicks on button that show us the form to computer container, Camilo enters 'Windows' then hits ARROW_DOWN and ENTER into button that show us the form to computer, Camilo clicks on button that show us the form to version container]]
[Test worker] WARN net.thucydides.core.steps.BaseStepListener - stepStarted: net.thucydides.core.steps.ExecutedStepDescription@2d9c07a8
[Test worker] WARN net.thucydides.core.steps.BaseStepListener - stepFinished: current outcome:Camilo's registration on the Utest page:Given that Camilo wants to register on the Utest page [Camilo open up [Camilo opens the Utest page, Camilo clicks on button that shows us the registration form]], When Enter all the required data and necessary permissions
| strName | strLastName | strEmail | strBirthMonth | strBirthDay | strBirthYear | strCity | strPostalCode | strCountry | strComputer | strVersion | strLanguage | strMobile | strModel | strSystem | strPassword |
| Camilo | Quevedo | camoeeee@hotmail.com | May | 26 | 1996 | Villavicencio | 500001 | Colombia | Windows | Windows 10 Home | Spanish | Xiaomi | Mi A3 | Android 10 | Camilo12345 | [Camilo insert personal data [Camilo enters 'Camilo' into button that show us the form to name, Camilo enters 'Quevedo' into button that show us the form to last name, Camilo enters 'camoeeee@hotmail.com' into button that show us the form to email, Camilo select May on button that show us the form to birth month, Camilo select 26 on button that show us the form to birthday, Camilo select 1996 on button that show us the form to birth year, Camilo clicks on button that directs to the next location], Camilo insert personal location [Camilo enters 'Villavicencio' into button that show us the form to city, Camilo types 'ARROW_DOWN' in button that show us the form to city, Camilo types 'ENTER' in button that show us the form to city, Camilo enters '500001' into button that show us the form to postal code, Camilo clicks on button that directs to the next devices], Camilo insert personal devices [Camilo clicks on button that show us the form to computer container, Camilo enters 'Windows' then hits ARROW_DOWN and ENTER into button that show us the form to computer, Camilo clicks on button that show us the form to version container, Camilo enters 'Windows 10 Home' then hits ARROW_DOWN and ENTER into button that show us the form to version]]
[Test worker] WARN net.thucydides.core.steps.BaseStepListener - stepStarted: net.thucydides.core.steps.ExecutedStepDescription@5771e1f8
[Test worker] WARN net.thucydides.core.steps.BaseStepListener - stepFinished: current outcome:Camilo's registration on the Utest page:Given that Camilo wants to register on the Utest page [Camilo open up [Camilo opens the Utest page, Camilo clicks on button that shows us the registration form]], When Enter all the required data and necessary permissions
| strName | strLastName | strEmail | strBirthMonth | strBirthDay | strBirthYear | strCity | strPostalCode | strCountry | strComputer | strVersion | strLanguage | strMobile | strModel | strSystem | strPassword |
| Camilo | Quevedo | camoeeee@hotmail.com | May | 26 | 1996 | Villavicencio | 500001 | Colombia | Windows | Windows 10 Home | Spanish | Xiaomi | Mi A3 | Android 10 | Camilo12345 | [Camilo insert personal data [Camilo enters 'Camilo' into button that show us the form to name, Camilo enters 'Quevedo' into button that show us the form to last name, Camilo enters 'camoeeee@hotmail.com' into button that show us the form to email, Camilo select May on button that show us the form to birth month, Camilo select 26 on button that show us the form to birthday, Camilo select 1996 on button that show us the form to birth year, Camilo clicks on button that directs to the next location], Camilo insert personal location [Camilo enters 'Villavicencio' into button that show us the form to city, Camilo types 'ARROW_DOWN' in button that show us the form to city, Camilo types 'ENTER' in button that show us the form to city, Camilo enters '500001' into button that show us the form to postal code, Camilo clicks on button that directs to the next devices], Camilo insert personal devices [Camilo clicks on button that show us the form to computer container, Camilo enters 'Windows' then hits ARROW_DOWN and ENTER into button that show us the form to computer, Camilo clicks on button that show us the form to version container, Camilo enters 'Windows 10 Home' then hits ARROW_DOWN and ENTER into button that show us the form to version, Camilo clicks on button that show us the form to language container]]
[Test worker] WARN net.thucydides.core.steps.BaseStepListener - stepStarted: net.thucydides.core.steps.ExecutedStepDescription@34f3a048
[Test worker] WARN net.thucydides.core.steps.BaseStepListener - stepFinished: current outcome:Camilo's registration on the Utest page:Given that Camilo wants to register on the Utest page [Camilo open up [Camilo opens the Utest page, Camilo clicks on button that shows us the registration form]], When Enter all the required data and necessary permissions
| strName | strLastName | strEmail | strBirthMonth | strBirthDay | strBirthYear | strCity | strPostalCode | strCountry | strComputer | strVersion | strLanguage | strMobile | strModel | strSystem | strPassword |
| Camilo | Quevedo | camoeeee@hotmail.com | May | 26 | 1996 | Villavicencio | 500001 | Colombia | Windows | Windows 10 Home | Spanish | Xiaomi | Mi A3 | Android 10 | Camilo12345 | [Camilo insert personal data [Camilo enters 'Camilo' into button that show us the form to name, Camilo enters 'Quevedo' into button that show us the form to last name, Camilo enters 'camoeeee@hotmail.com' into button that show us the form to email, Camilo select May on button that show us the form to birth month, Camilo select 26 on button that show us the form to birthday, Camilo select 1996 on button that show us the form to birth year, Camilo clicks on button that directs to the next location], Camilo insert personal location [Camilo enters 'Villavicencio' into button that show us the form to city, Camilo types 'ARROW_DOWN' in button that show us the form to city, Camilo types 'ENTER' in button that show us the form to city, Camilo enters '500001' into button that show us the form to postal code, Camilo clicks on button that directs to the next devices], Camilo insert personal devices [Camilo clicks on button that show us the form to computer container, Camilo enters 'Windows' then hits ARROW_DOWN and ENTER into button that show us the form to computer, Camilo clicks on button that show us the form to version container, Camilo enters 'Windows 10 Home' then hits ARROW_DOWN and ENTER into button that show us the form to version, Camilo clicks on button that show us the form to language container, Camilo enters 'Spanish' then hits ARROW_DOWN and ENTER into button that show us the form to language]]
[Test worker] WARN net.thucydides.core.steps.BaseStepListener - stepStarted: net.thucydides.core.steps.ExecutedStepDescription@2e87bdd3
[Test worker] WARN net.thucydides.core.steps.BaseStepListener - stepFinished: current outcome:Camilo's registration on the Utest page:Given that Camilo wants to register on the Utest page [Camilo open up [Camilo opens the Utest page, Camilo clicks on button that shows us the registration form]], When Enter all the required data and necessary permissions
| strName | strLastName | strEmail | strBirthMonth | strBirthDay | strBirthYear | strCity | strPostalCode | strCountry | strComputer | strVersion | strLanguage | strMobile | strModel | strSystem | strPassword |
| Camilo | Quevedo | camoeeee@hotmail.com | May | 26 | 1996 | Villavicencio | 500001 | Colombia | Windows | Windows 10 Home | Spanish | Xiaomi | Mi A3 | Android 10 | Camilo12345 | [Camilo insert personal data [Camilo enters 'Camilo' into button that show us the form to name, Camilo enters 'Quevedo' into button that show us the form to last name, Camilo enters 'camoeeee@hotmail.com' into button that show us the form to email, Camilo select May on button that show us the form to birth month, Camilo select 26 on button that show us the form to birthday, Camilo select 1996 on button that show us the form to birth year, Camilo clicks on button that directs to the next location], Camilo insert personal location [Camilo enters 'Villavicencio' into button that show us the form to city, Camilo types 'ARROW_DOWN' in button that show us the form to city, Camilo types 'ENTER' in button that show us the form to city, Camilo enters '500001' into button that show us the form to postal code, Camilo clicks on button that directs to the next devices], Camilo insert personal devices [Camilo clicks on button that show us the form to computer container, Camilo enters 'Windows' then hits ARROW_DOWN and ENTER into button that show us the form to computer, Camilo clicks on button that show us the form to version container, Camilo enters 'Windows 10 Home' then hits ARROW_DOWN and ENTER into button that show us the form to version, Camilo clicks on button that show us the form to language container, Camilo enters 'Spanish' then hits ARROW_DOWN and ENTER into button that show us the form to language, Camilo clicks on button that show us the form to mobile container]]
[Test worker] WARN net.thucydides.core.steps.BaseStepListener - stepStarted: net.thucydides.core.steps.ExecutedStepDescription@293e19e
[Test worker] WARN net.thucydides.core.steps.BaseStepListener - stepFinished: current outcome:Camilo's registration on the Utest page:Given that Camilo wants to register on the Utest page [Camilo open up [Camilo opens the Utest page, Camilo clicks on button that shows us the registration form]], When Enter all the required data and necessary permissions
| strName | strLastName | strEmail | strBirthMonth | strBirthDay | strBirthYear | strCity | strPostalCode | strCountry | strComputer | strVersion | strLanguage | strMobile | strModel | strSystem | strPassword |
| Camilo | Quevedo | camoeeee@hotmail.com | May | 26 | 1996 | Villavicencio | 500001 | Colombia | Windows | Windows 10 Home | Spanish | Xiaomi | Mi A3 | Android 10 | Camilo12345 | [Camilo insert personal data [Camilo enters 'Camilo' into button that show us the form to name, Camilo enters 'Quevedo' into button that show us the form to last name, Camilo enters 'camoeeee@hotmail.com' into button that show us the form to email, Camilo select May on button that show us the form to birth month, Camilo select 26 on button that show us the form to birthday, Camilo select 1996 on button that show us the form to birth year, Camilo clicks on button that directs to the next location], Camilo insert personal location [Camilo enters 'Villavicencio' into button that show us the form to city, Camilo types 'ARROW_DOWN' in button that show us the form to city, Camilo types 'ENTER' in button that show us the form to city, Camilo enters '500001' into button that show us the form to postal code, Camilo clicks on button that directs to the next devices], Camilo insert personal devices [Camilo clicks on button that show us the form to computer container, Camilo enters 'Windows' then hits ARROW_DOWN and ENTER into button that show us the form to computer, Camilo clicks on button that show us the form to version container, Camilo enters 'Windows 10 Home' then hits ARROW_DOWN and ENTER into button that show us the form to version, Camilo clicks on button that show us the form to language container, Camilo enters 'Spanish' then hits ARROW_DOWN and ENTER into button that show us the form to language, Camilo clicks on button that show us the form to mobile container, Camilo enters 'Xiaomi' then hits ARROW_DOWN and ENTER into button that show us the form to movile]]
[Test worker] WARN net.thucydides.core.steps.BaseStepListener - stepStarted: net.thucydides.core.steps.ExecutedStepDescription@2b0c2056
[Test worker] WARN net.thucydides.core.steps.BaseStepListener - stepFinished: current outcome:Camilo's registration on the Utest page:Given that Camilo wants to register on the Utest page [Camilo open up [Camilo opens the Utest page, Camilo clicks on button that shows us the registration form]], When Enter all the required data and necessary permissions
| strName | strLastName | strEmail | strBirthMonth | strBirthDay | strBirthYear | strCity | strPostalCode | strCountry | strComputer | strVersion | strLanguage | strMobile | strModel | strSystem | strPassword |
| Camilo | Quevedo | camoeeee@hotmail.com | May | 26 | 1996 | Villavicencio | 500001 | Colombia | Windows | Windows 10 Home | Spanish | Xiaomi | Mi A3 | Android 10 | Camilo12345 | [Camilo insert personal data [Camilo enters 'Camilo' into button that show us the form to name, Camilo enters 'Quevedo' into button that show us the form to last name, Camilo enters 'camoeeee@hotmail.com' into button that show us the form to email, Camilo select May on button that show us the form to birth month, Camilo select 26 on button that show us the form to birthday, Camilo select 1996 on button that show us the form to birth year, Camilo clicks on button that directs to the next location], Camilo insert personal location [Camilo enters 'Villavicencio' into button that show us the form to city, Camilo types 'ARROW_DOWN' in button that show us the form to city, Camilo types 'ENTER' in button that show us the form to city, Camilo enters '500001' into button that show us the form to postal code, Camilo clicks on button that directs to the next devices], Camilo insert personal devices [Camilo clicks on button that show us the form to computer container, Camilo enters 'Windows' then hits ARROW_DOWN and ENTER into button that show us the form to computer, Camilo clicks on button that show us the form to version container, Camilo enters 'Windows 10 Home' then hits ARROW_DOWN and ENTER into button that show us the form to version, Camilo clicks on button that show us the form to language container, Camilo enters 'Spanish' then hits ARROW_DOWN and ENTER into button that show us the form to language, Camilo clicks on button that show us the form to mobile container, Camilo enters 'Xiaomi' then hits ARROW_DOWN and ENTER into button that show us the form to movile, Camilo clicks on button that show us the form to model container]]
[Test worker] WARN net.thucydides.core.steps.BaseStepListener - stepStarted: net.thucydides.core.steps.ExecutedStepDescription@3df372b5
[Test worker] WARN net.thucydides.core.steps.BaseStepListener - stepFinished: current outcome:Camilo's registration on the Utest page:Given that Camilo wants to register on the Utest page [Camilo open up [Camilo opens the Utest page, Camilo clicks on button that shows us the registration form]], When Enter all the required data and necessary permissions
| strName | strLastName | strEmail | strBirthMonth | strBirthDay | strBirthYear | strCity | strPostalCode | strCountry | strComputer | strVersion | strLanguage | strMobile | strModel | strSystem | strPassword |
| Camilo | Quevedo | camoeeee@hotmail.com | May | 26 | 1996 | Villavicencio | 500001 | Colombia | Windows | Windows 10 Home | Spanish | Xiaomi | Mi A3 | Android 10 | Camilo12345 | [Camilo insert personal data [Camilo enters 'Camilo' into button that show us the form to name, Camilo enters 'Quevedo' into button that show us the form to last name, Camilo enters 'camoeeee@hotmail.com' into button that show us the form to email, Camilo select May on button that show us the form to birth month, Camilo select 26 on button that show us the form to birthday, Camilo select 1996 on button that show us the form to birth year, Camilo clicks on button that directs to the next location], Camilo insert personal location [Camilo enters 'Villavicencio' into button that show us the form to city, Camilo types 'ARROW_DOWN' in button that show us the form to city, Camilo types 'ENTER' in button that show us the form to city, Camilo enters '500001' into button that show us the form to postal code, Camilo clicks on button that directs to the next devices], Camilo insert personal devices [Camilo clicks on button that show us the form to computer container, Camilo enters 'Windows' then hits ARROW_DOWN and ENTER into button that show us the form to computer, Camilo clicks on button that show us the form to version container, Camilo enters 'Windows 10 Home' then hits ARROW_DOWN and ENTER into button that show us the form to version, Camilo clicks on button that show us the form to language container, Camilo enters 'Spanish' then hits ARROW_DOWN and ENTER into button that show us the form to language, Camilo clicks on button that show us the form to mobile container, Camilo enters 'Xiaomi' then hits ARROW_DOWN and ENTER into button that show us the form to movile, Camilo clicks on button that show us the form to model container, Camilo enters 'Mi A3' then hits ARROW_DOWN and ENTER into button that show us the form to model]]
[Test worker] WARN net.thucydides.core.steps.BaseStepListener - stepStarted: net.thucydides.core.steps.ExecutedStepDescription@27fb4d58
[Test worker] WARN net.thucydides.core.steps.BaseStepListener - stepFinished: current outcome:Camilo's registration on the Utest page:Given that Camilo wants to register on the Utest page [Camilo open up [Camilo opens the Utest page, Camilo clicks on button that shows us the registration form]], When Enter all the required data and necessary permissions
| strName | strLastName | strEmail | strBirthMonth | strBirthDay | strBirthYear | strCity | strPostalCode | strCountry | strComputer | strVersion | strLanguage | strMobile | strModel | strSystem | strPassword |
| Camilo | Quevedo | camoeeee@hotmail.com | May | 26 | 1996 | Villavicencio | 500001 | Colombia | Windows | Windows 10 Home | Spanish | Xiaomi | Mi A3 | Android 10 | Camilo12345 | [Camilo insert personal data [Camilo enters 'Camilo' into button that show us the form to name, Camilo enters 'Quevedo' into button that show us the form to last name, Camilo enters 'camoeeee@hotmail.com' into button that show us the form to email, Camilo select May on button that show us the form to birth month, Camilo select 26 on button that show us the form to birthday, Camilo select 1996 on button that show us the form to birth year, Camilo clicks on button that directs to the next location], Camilo insert personal location [Camilo enters 'Villavicencio' into button that show us the form to city, Camilo types 'ARROW_DOWN' in button that show us the form to city, Camilo types 'ENTER' in button that show us the form to city, Camilo enters '500001' into button that show us the form to postal code, Camilo clicks on button that directs to the next devices], Camilo insert personal devices [Camilo clicks on button that show us the form to computer container, Camilo enters 'Windows' then hits ARROW_DOWN and ENTER into button that show us the form to computer, Camilo clicks on button that show us the form to version container, Camilo enters 'Windows 10 Home' then hits ARROW_DOWN and ENTER into button that show us the form to version, Camilo clicks on button that show us the form to language container, Camilo enters 'Spanish' then hits ARROW_DOWN and ENTER into button that show us the form to language, Camilo clicks on button that show us the form to mobile container, Camilo enters 'Xiaomi' then hits ARROW_DOWN and ENTER into button that show us the form to movile, Camilo clicks on button that show us the form to model container, Camilo enters 'Mi A3' then hits ARROW_DOWN and ENTER into button that show us the form to model, Camilo clicks on button that show us the form to system container]]
[Test worker] WARN net.thucydides.core.steps.BaseStepListener - stepStarted: net.thucydides.core.steps.ExecutedStepDescription@494ef5de
[Test worker] WARN net.thucydides.core.steps.BaseStepListener - stepFinished: current outcome:Camilo's registration on the Utest page:Given that Camilo wants to register on the Utest page [Camilo open up [Camilo opens the Utest page, Camilo clicks on button that shows us the registration form]], When Enter all the required data and necessary permissions
| strName | strLastName | strEmail | strBirthMonth | strBirthDay | strBirthYear | strCity | strPostalCode | strCountry | strComputer | strVersion | strLanguage | strMobile | strModel | strSystem | strPassword |
| Camilo | Quevedo | camoeeee@hotmail.com | May | 26 | 1996 | Villavicencio | 500001 | Colombia | Windows | Windows 10 Home | Spanish | Xiaomi | Mi A3 | Android 10 | Camilo12345 | [Camilo insert personal data [Camilo enters 'Camilo' into button that show us the form to name, Camilo enters 'Quevedo' into button that show us the form to last name, Camilo enters 'camoeeee@hotmail.com' into button that show us the form to email, Camilo select May on button that show us the form to birth month, Camilo select 26 on button that show us the form to birthday, Camilo select 1996 on button that show us the form to birth year, Camilo clicks on button that directs to the next location], Camilo insert personal location [Camilo enters 'Villavicencio' into button that show us the form to city, Camilo types 'ARROW_DOWN' in button that show us the form to city, Camilo types 'ENTER' in button that show us the form to city, Camilo enters '500001' into button that show us the form to postal code, Camilo clicks on button that directs to the next devices], Camilo insert personal devices [Camilo clicks on button that show us the form to computer container, Camilo enters 'Windows' then hits ARROW_DOWN and ENTER into button that show us the form to computer, Camilo clicks on button that show us the form to version container, Camilo enters 'Windows 10 Home' then hits ARROW_DOWN and ENTER into button that show us the form to version, Camilo clicks on button that show us the form to language container, Camilo enters 'Spanish' then hits ARROW_DOWN and ENTER into button that show us the form to language, Camilo clicks on button that show us the form to mobile container, Camilo enters 'Xiaomi' then hits ARROW_DOWN and ENTER into button that show us the form to movile, Camilo clicks on button that show us the form to model container, Camilo enters 'Mi A3' then hits ARROW_DOWN and ENTER into button that show us the form to model, Camilo clicks on button that show us the form to system container, Camilo enters 'Android 10' then hits ARROW_DOWN and ENTER into button that show us the form to system]]
[Test worker] WARN net.thucydides.core.steps.BaseStepListener - stepStarted: net.thucydides.core.steps.ExecutedStepDescription@645d7cc7
[Test worker] WARN net.thucydides.core.steps.BaseStepListener - stepFinished: current outcome:Camilo's registration on the Utest page:Given that Camilo wants to register on the Utest page [Camilo open up [Camilo opens the Utest page, Camilo clicks on button that shows us the registration form]], When Enter all the required data and necessary permissions
| strName | strLastName | strEmail | strBirthMonth | strBirthDay | strBirthYear | strCity | strPostalCode | strCountry | strComputer | strVersion | strLanguage | strMobile | strModel | strSystem | strPassword |
| Camilo | Quevedo | camoeeee@hotmail.com | May | 26 | 1996 | Villavicencio | 500001 | Colombia | Windows | Windows 10 Home | Spanish | Xiaomi | Mi A3 | Android 10 | Camilo12345 | [Camilo insert personal data [Camilo enters 'Camilo' into button that show us the form to name, Camilo enters 'Quevedo' into button that show us the form to last name, Camilo enters 'camoeeee@hotmail.com' into button that show us the form to email, Camilo select May on button that show us the form to birth month, Camilo select 26 on button that show us the form to birthday, Camilo select 1996 on button that show us the form to birth year, Camilo clicks on button that directs to the next location], Camilo insert personal location [Camilo enters 'Villavicencio' into button that show us the form to city, Camilo types 'ARROW_DOWN' in button that show us the form to city, Camilo types 'ENTER' in button that show us the form to city, Camilo enters '500001' into button that show us the form to postal code, Camilo clicks on button that directs to the next devices], Camilo insert personal devices [Camilo clicks on button that show us the form to computer container, Camilo enters 'Windows' then hits ARROW_DOWN and ENTER into button that show us the form to computer, Camilo clicks on button that show us the form to version container, Camilo enters 'Windows 10 Home' then hits ARROW_DOWN and ENTER into button that show us the form to version, Camilo clicks on button that show us the form to language container, Camilo enters 'Spanish' then hits ARROW_DOWN and ENTER into button that show us the form to language, Camilo clicks on button that show us the form to mobile container, Camilo enters 'Xiaomi' then hits ARROW_DOWN and ENTER into button that show us the form to movile, Camilo clicks on button that show us the form to model container, Camilo enters 'Mi A3' then hits ARROW_DOWN and ENTER into button that show us the form to model, Camilo clicks on button that show us the form to system container, Camilo enters 'Android 10' then hits ARROW_DOWN and ENTER into button that show us the form to system, Camilo clicks on button that show us the form to system]]
[Test worker] WARN net.thucydides.core.steps.BaseStepListener - stepFinished: current outcome:Camilo's registration on the Utest page:Given that Camilo wants to register on the Utest page [Camilo open up [Camilo opens the Utest page, Camilo clicks on button that shows us the registration form]], When Enter all the required data and necessary permissions
| strName | strLastName | strEmail | strBirthMonth | strBirthDay | strBirthYear | strCity | strPostalCode | strCountry | strComputer | strVersion | strLanguage | strMobile | strModel | strSystem | strPassword |
| Camilo | Quevedo | camoeeee@hotmail.com | May | 26 | 1996 | Villavicencio | 500001 | Colombia | Windows | Windows 10 Home | Spanish | Xiaomi | Mi A3 | Android 10 | Camilo12345 | [Camilo insert personal data [Camilo enters 'Camilo' into button that show us the form to name, Camilo enters 'Quevedo' into button that show us the form to last name, Camilo enters 'camoeeee@hotmail.com' into button that show us the form to email, Camilo select May on button that show us the form to birth month, Camilo select 26 on button that show us the form to birthday, Camilo select 1996 on button that show us the form to birth year, Camilo clicks on button that directs to the next location], Camilo insert personal location [Camilo enters 'Villavicencio' into button that show us the form to city, Camilo types 'ARROW_DOWN' in button that show us the form to city, Camilo types 'ENTER' in button that show us the form to city, Camilo enters '500001' into button that show us the form to postal code, Camilo clicks on button that directs to the next devices], Camilo insert personal devices [Camilo clicks on button that show us the form to computer container, Camilo enters 'Windows' then hits ARROW_DOWN and ENTER into button that show us the form to computer, Camilo clicks on button that show us the form to version container, Camilo enters 'Windows 10 Home' then hits ARROW_DOWN and ENTER into button that show us the form to version, Camilo clicks on button that show us the form to language container, Camilo enters 'Spanish' then hits ARROW_DOWN and ENTER into button that show us the form to language, Camilo clicks on button that show us the form to mobile container, Camilo enters 'Xiaomi' then hits ARROW_DOWN and ENTER into button that show us the form to movile, Camilo clicks on button that show us the form to model container, Camilo enters 'Mi A3' then hits ARROW_DOWN and ENTER into button that show us the form to model, Camilo clicks on button that show us the form to system container, Camilo enters 'Android 10' then hits ARROW_DOWN and ENTER into button that show us the form to system, Camilo clicks on button that show us the form to system]]
[Test worker] WARN net.thucydides.core.steps.BaseStepListener - stepStarted: net.thucydides.core.steps.ExecutedStepDescription@4e1b5f26
[Test worker] WARN net.thucydides.core.steps.BaseStepListener - stepStarted: net.thucydides.core.steps.ExecutedStepDescription@48f2f620
[Test worker] WARN net.thucydides.core.steps.BaseStepListener - stepFinished: current outcome:Camilo's registration on the Utest page:Given that Camilo wants to register on the Utest page [Camilo open up [Camilo opens the Utest page, Camilo clicks on button that shows us the registration form]], When Enter all the required data and necessary permissions
| strName | strLastName | strEmail | strBirthMonth | strBirthDay | strBirthYear | strCity | strPostalCode | strCountry | strComputer | strVersion | strLanguage | strMobile | strModel | strSystem | strPassword |
| Camilo | Quevedo | camoeeee@hotmail.com | May | 26 | 1996 | Villavicencio | 500001 | Colombia | Windows | Windows 10 Home | Spanish | Xiaomi | Mi A3 | Android 10 | Camilo12345 | [Camilo insert personal data [Camilo enters 'Camilo' into button that show us the form to name, Camilo enters 'Quevedo' into button that show us the form to last name, Camilo enters 'camoeeee@hotmail.com' into button that show us the form to email, Camilo select May on button that show us the form to birth month, Camilo select 26 on button that show us the form to birthday, Camilo select 1996 on button that show us the form to birth year, Camilo clicks on button that directs to the next location], Camilo insert personal location [Camilo enters 'Villavicencio' into button that show us the form to city, Camilo types 'ARROW_DOWN' in button that show us the form to city, Camilo types 'ENTER' in button that show us the form to city, Camilo enters '500001' into button that show us the form to postal code, Camilo clicks on button that directs to the next devices], Camilo insert personal devices [Camilo clicks on button that show us the form to computer container, Camilo enters 'Windows' then hits ARROW_DOWN and ENTER into button that show us the form to computer, Camilo clicks on button that show us the form to version container, Camilo enters 'Windows 10 Home' then hits ARROW_DOWN and ENTER into button that show us the form to version, Camilo clicks on button that show us the form to language container, Camilo enters 'Spanish' then hits ARROW_DOWN and ENTER into button that show us the form to language, Camilo clicks on button that show us the form to mobile container, Camilo enters 'Xiaomi' then hits ARROW_DOWN and ENTER into button that show us the form to movile, Camilo clicks on button that show us the form to model container, Camilo enters 'Mi A3' then hits ARROW_DOWN and ENTER into button that show us the form to model, Camilo clicks on button that show us the form to system container, Camilo enters 'Android 10' then hits ARROW_DOWN and ENTER into button that show us the form to system, Camilo clicks on button that show us the form to system], Camilo insert personal password [Camilo enters 'Camilo12345' into field to user password]]
[Test worker] WARN net.thucydides.core.steps.BaseStepListener - stepStarted: net.thucydides.core.steps.ExecutedStepDescription@31b230de
[Test worker] WARN net.thucydides.core.steps.BaseStepListener - stepFinished: current outcome:Camilo's registration on the Utest page:Given that Camilo wants to register on the Utest page [Camilo open up [Camilo opens the Utest page, Camilo clicks on button that shows us the registration form]], When Enter all the required data and necessary permissions
| strName | strLastName | strEmail | strBirthMonth | strBirthDay | strBirthYear | strCity | strPostalCode | strCountry | strComputer | strVersion | strLanguage | strMobile | strModel | strSystem | strPassword |
| Camilo | Quevedo | camoeeee@hotmail.com | May | 26 | 1996 | Villavicencio | 500001 | Colombia | Windows | Windows 10 Home | Spanish | Xiaomi | Mi A3 | Android 10 | Camilo12345 | [Camilo insert personal data [Camilo enters 'Camilo' into button that show us the form to name, Camilo enters 'Quevedo' into button that show us the form to last name, Camilo enters 'camoeeee@hotmail.com' into button that show us the form to email, Camilo select May on button that show us the form to birth month, Camilo select 26 on button that show us the form to birthday, Camilo select 1996 on button that show us the form to birth year, Camilo clicks on button that directs to the next location], Camilo insert personal location [Camilo enters 'Villavicencio' into button that show us the form to city, Camilo types 'ARROW_DOWN' in button that show us the form to city, Camilo types 'ENTER' in button that show us the form to city, Camilo enters '500001' into button that show us the form to postal code, Camilo clicks on button that directs to the next devices], Camilo insert personal devices [Camilo clicks on button that show us the form to computer container, Camilo enters 'Windows' then hits ARROW_DOWN and ENTER into button that show us the form to computer, Camilo clicks on button that show us the form to version container, Camilo enters 'Windows 10 Home' then hits ARROW_DOWN and ENTER into button that show us the form to version, Camilo clicks on button that show us the form to language container, Camilo enters 'Spanish' then hits ARROW_DOWN and ENTER into button that show us the form to language, Camilo clicks on button that show us the form to mobile container, Camilo enters 'Xiaomi' then hits ARROW_DOWN and ENTER into button that show us the form to movile, Camilo clicks on button that show us the form to model container, Camilo enters 'Mi A3' then hits ARROW_DOWN and ENTER into button that show us the form to model, Camilo clicks on button that show us the form to system container, Camilo enters 'Android 10' then hits ARROW_DOWN and ENTER into button that show us the form to system, Camilo clicks on button that show us the form to system], Camilo insert personal password [Camilo enters 'Camilo12345' into field to user password, Camilo enters 'Camilo12345' into field to confirm user password]]
[Test worker] WARN net.thucydides.core.steps.BaseStepListener - stepStarted: net.thucydides.core.steps.ExecutedStepDescription@54891a5d
[Test worker] WARN net.thucydides.core.steps.BaseStepListener - stepFinished: current outcome:Camilo's registration on the Utest page:Given that Camilo wants to register on the Utest page [Camilo open up [Camilo opens the Utest page, Camilo clicks on button that shows us the registration form]], When Enter all the required data and necessary permissions
| strName | strLastName | strEmail | strBirthMonth | strBirthDay | strBirthYear | strCity | strPostalCode | strCountry | strComputer | strVersion | strLanguage | strMobile | strModel | strSystem | strPassword |
| Camilo | Quevedo | camoeeee@hotmail.com | May | 26 | 1996 | Villavicencio | 500001 | Colombia | Windows | Windows 10 Home | Spanish | Xiaomi | Mi A3 | Android 10 | Camilo12345 | [Camilo insert personal data [Camilo enters 'Camilo' into button that show us the form to name, Camilo enters 'Quevedo' into button that show us the form to last name, Camilo enters 'camoeeee@hotmail.com' into button that show us the form to email, Camilo select May on button that show us the form to birth month, Camilo select 26 on button that show us the form to birthday, Camilo select 1996 on button that show us the form to birth year, Camilo clicks on button that directs to the next location], Camilo insert personal location [Camilo enters 'Villavicencio' into button that show us the form to city, Camilo types 'ARROW_DOWN' in button that show us the form to city, Camilo types 'ENTER' in button that show us the form to city, Camilo enters '500001' into button that show us the form to postal code, Camilo clicks on button that directs to the next devices], Camilo insert personal devices [Camilo clicks on button that show us the form to computer container, Camilo enters 'Windows' then hits ARROW_DOWN and ENTER into button that show us the form to computer, Camilo clicks on button that show us the form to version container, Camilo enters 'Windows 10 Home' then hits ARROW_DOWN and ENTER into button that show us the form to version, Camilo clicks on button that show us the form to language container, Camilo enters 'Spanish' then hits ARROW_DOWN and ENTER into button that show us the form to language, Camilo clicks on button that show us the form to mobile container, Camilo enters 'Xiaomi' then hits ARROW_DOWN and ENTER into button that show us the form to movile, Camilo clicks on button that show us the form to model container, Camilo enters 'Mi A3' then hits ARROW_DOWN and ENTER into button that show us the form to model, Camilo clicks on button that show us the form to system container, Camilo enters 'Android 10' then hits ARROW_DOWN and ENTER into button that show us the form to system, Camilo clicks on button that show us the form to system], Camilo insert personal password [Camilo enters 'Camilo12345' into field to user password, Camilo enters 'Camilo12345' into field to confirm user password, Camilo clicks on Check box to permission 1]]
[Test worker] WARN net.thucydides.core.steps.BaseStepListener - stepStarted: net.thucydides.core.steps.ExecutedStepDescription@1de219d9
[Test worker] WARN net.thucydides.core.steps.BaseStepListener - stepFinished: current outcome:Camilo's registration on the Utest page:Given that Camilo wants to register on the Utest page [Camilo open up [Camilo opens the Utest page, Camilo clicks on button that shows us the registration form]], When Enter all the required data and necessary permissions
| strName | strLastName | strEmail | strBirthMonth | strBirthDay | strBirthYear | strCity | strPostalCode | strCountry | strComputer | strVersion | strLanguage | strMobile | strModel | strSystem | strPassword |
| Camilo | Quevedo | camoeeee@hotmail.com | May | 26 | 1996 | Villavicencio | 500001 | Colombia | Windows | Windows 10 Home | Spanish | Xiaomi | Mi A3 | Android 10 | Camilo12345 | [Camilo insert personal data [Camilo enters 'Camilo' into button that show us the form to name, Camilo enters 'Quevedo' into button that show us the form to last name, Camilo enters 'camoeeee@hotmail.com' into button that show us the form to email, Camilo select May on button that show us the form to birth month, Camilo select 26 on button that show us the form to birthday, Camilo select 1996 on button that show us the form to birth year, Camilo clicks on button that directs to the next location], Camilo insert personal location [Camilo enters 'Villavicencio' into button that show us the form to city, Camilo types 'ARROW_DOWN' in button that show us the form to city, Camilo types 'ENTER' in button that show us the form to city, Camilo enters '500001' into button that show us the form to postal code, Camilo clicks on button that directs to the next devices], Camilo insert personal devices [Camilo clicks on button that show us the form to computer container, Camilo enters 'Windows' then hits ARROW_DOWN and ENTER into button that show us the form to computer, Camilo clicks on button that show us the form to version container, Camilo enters 'Windows 10 Home' then hits ARROW_DOWN and ENTER into button that show us the form to version, Camilo clicks on button that show us the form to language container, Camilo enters 'Spanish' then hits ARROW_DOWN and ENTER into button that show us the form to language, Camilo clicks on button that show us the form to mobile container, Camilo enters 'Xiaomi' then hits ARROW_DOWN and ENTER into button that show us the form to movile, Camilo clicks on button that show us the form to model container, Camilo enters 'Mi A3' then hits ARROW_DOWN and ENTER into button that show us the form to model, Camilo clicks on button that show us the form to system container, Camilo enters 'Android 10' then hits ARROW_DOWN and ENTER into button that show us the form to system, Camilo clicks on button that show us the form to system], Camilo insert personal password [Camilo enters 'Camilo12345' into field to user password, Camilo enters 'Camilo12345' into field to confirm user password, Camilo clicks on Check box to permission 1, Camilo clicks on Check box to permission 2]]
[Test worker] WARN net.thucydides.core.steps.BaseStepListener - stepStarted: net.thucydides.core.steps.ExecutedStepDescription@3be629b5
[Test worker] WARN net.thucydides.core.steps.BaseStepListener - stepFinished: current outcome:Camilo's registration on the Utest page:Given that Camilo wants to register on the Utest page [Camilo open up [Camilo opens the Utest page, Camilo clicks on button that shows us the registration form]], When Enter all the required data and necessary permissions
| strName | strLastName | strEmail | strBirthMonth | strBirthDay | strBirthYear | strCity | strPostalCode | strCountry | strComputer | strVersion | strLanguage | strMobile | strModel | strSystem | strPassword |
| Camilo | Quevedo | camoeeee@hotmail.com | May | 26 | 1996 | Villavicencio | 500001 | Colombia | Windows | Windows 10 Home | Spanish | Xiaomi | Mi A3 | Android 10 | Camilo12345 | [Camilo insert personal data [Camilo enters 'Camilo' into button that show us the form to name, Camilo enters 'Quevedo' into button that show us the form to last name, Camilo enters 'camoeeee@hotmail.com' into button that show us the form to email, Camilo select May on button that show us the form to birth month, Camilo select 26 on button that show us the form to birthday, Camilo select 1996 on button that show us the form to birth year, Camilo clicks on button that directs to the next location], Camilo insert personal location [Camilo enters 'Villavicencio' into button that show us the form to city, Camilo types 'ARROW_DOWN' in button that show us the form to city, Camilo types 'ENTER' in button that show us the form to city, Camilo enters '500001' into button that show us the form to postal code, Camilo clicks on button that directs to the next devices], Camilo insert personal devices [Camilo clicks on button that show us the form to computer container, Camilo enters 'Windows' then hits ARROW_DOWN and ENTER into button that show us the form to computer, Camilo clicks on button that show us the form to version container, Camilo enters 'Windows 10 Home' then hits ARROW_DOWN and ENTER into button that show us the form to version, Camilo clicks on button that show us the form to language container, Camilo enters 'Spanish' then hits ARROW_DOWN and ENTER into button that show us the form to language, Camilo clicks on button that show us the form to mobile container, Camilo enters 'Xiaomi' then hits ARROW_DOWN and ENTER into button that show us the form to movile, Camilo clicks on button that show us the form to model container, Camilo enters 'Mi A3' then hits ARROW_DOWN and ENTER into button that show us the form to model, Camilo clicks on button that show us the form to system container, Camilo enters 'Android 10' then hits ARROW_DOWN and ENTER into button that show us the form to system, Camilo clicks on button that show us the form to system], Camilo insert personal password [Camilo enters 'Camilo12345' into field to user password, Camilo enters 'Camilo12345' into field to confirm user password, Camilo clicks on Check box to permission 1, Camilo clicks on Check box to permission 2, Camilo clicks on Check box to permission 3]]
[Test worker] WARN net.thucydides.core.steps.BaseStepListener - stepStarted: net.thucydides.core.steps.ExecutedStepDescription@4cf88d3c
[Test worker] WARN net.thucydides.core.steps.BaseStepListener - stepFinished: current outcome:Camilo's registration on the Utest page:Given that Camilo wants to register on the Utest page [Camilo open up [Camilo opens the Utest page, Camilo clicks on button that shows us the registration form]], When Enter all the required data and necessary permissions
| strName | strLastName | strEmail | strBirthMonth | strBirthDay | strBirthYear | strCity | strPostalCode | strCountry | strComputer | strVersion | strLanguage | strMobile | strModel | strSystem | strPassword |
| Camilo | Quevedo | camoeeee@hotmail.com | May | 26 | 1996 | Villavicencio | 500001 | Colombia | Windows | Windows 10 Home | Spanish | Xiaomi | Mi A3 | Android 10 | Camilo12345 | [Camilo insert personal data [Camilo enters 'Camilo' into button that show us the form to name, Camilo enters 'Quevedo' into button that show us the form to last name, Camilo enters 'camoeeee@hotmail.com' into button that show us the form to email, Camilo select May on button that show us the form to birth month, Camilo select 26 on button that show us the form to birthday, Camilo select 1996 on button that show us the form to birth year, Camilo clicks on button that directs to the next location], Camilo insert personal location [Camilo enters 'Villavicencio' into button that show us the form to city, Camilo types 'ARROW_DOWN' in button that show us the form to city, Camilo types 'ENTER' in button that show us the form to city, Camilo enters '500001' into button that show us the form to postal code, Camilo clicks on button that directs to the next devices], Camilo insert personal devices [Camilo clicks on button that show us the form to computer container, Camilo enters 'Windows' then hits ARROW_DOWN and ENTER into button that show us the form to computer, Camilo clicks on button that show us the form to version container, Camilo enters 'Windows 10 Home' then hits ARROW_DOWN and ENTER into button that show us the form to version, Camilo clicks on button that show us the form to language container, Camilo enters 'Spanish' then hits ARROW_DOWN and ENTER into button that show us the form to language, Camilo clicks on button that show us the form to mobile container, Camilo enters 'Xiaomi' then hits ARROW_DOWN and ENTER into button that show us the form to movile, Camilo clicks on button that show us the form to model container, Camilo enters 'Mi A3' then hits ARROW_DOWN and ENTER into button that show us the form to model, Camilo clicks on button that show us the form to system container, Camilo enters 'Android 10' then hits ARROW_DOWN and ENTER into button that show us the form to system, Camilo clicks on button that show us the form to system], Camilo insert personal password [Camilo enters 'Camilo12345' into field to user password, Camilo enters 'Camilo12345' into field to confirm user password, Camilo clicks on Check box to permission 1, Camilo clicks on Check box to permission 2, Camilo clicks on Check box to permission 3, Camilo clicks on button that show us the form to password]]
[Test worker] WARN net.thucydides.core.steps.BaseStepListener - stepFinished: current outcome:Camilo's registration on the Utest page:Given that Camilo wants to register on the Utest page [Camilo open up [Camilo opens the Utest page, Camilo clicks on button that shows us the registration form]], When Enter all the required data and necessary permissions
| strName | strLastName | strEmail | strBirthMonth | strBirthDay | strBirthYear | strCity | strPostalCode | strCountry | strComputer | strVersion | strLanguage | strMobile | strModel | strSystem | strPassword |
| Camilo | Quevedo | camoeeee@hotmail.com | May | 26 | 1996 | Villavicencio | 500001 | Colombia | Windows | Windows 10 Home | Spanish | Xiaomi | Mi A3 | Android 10 | Camilo12345 | [Camilo insert personal data [Camilo enters 'Camilo' into button that show us the form to name, Camilo enters 'Quevedo' into button that show us the form to last name, Camilo enters 'camoeeee@hotmail.com' into button that show us the form to email, Camilo select May on button that show us the form to birth month, Camilo select 26 on button that show us the form to birthday, Camilo select 1996 on button that show us the form to birth year, Camilo clicks on button that directs to the next location], Camilo insert personal location [Camilo enters 'Villavicencio' into button that show us the form to city, Camilo types 'ARROW_DOWN' in button that show us the form to city, Camilo types 'ENTER' in button that show us the form to city, Camilo enters '500001' into button that show us the form to postal code, Camilo clicks on button that directs to the next devices], Camilo insert personal devices [Camilo clicks on button that show us the form to computer container, Camilo enters 'Windows' then hits ARROW_DOWN and ENTER into button that show us the form to computer, Camilo clicks on button that show us the form to version container, Camilo enters 'Windows 10 Home' then hits ARROW_DOWN and ENTER into button that show us the form to version, Camilo clicks on button that show us the form to language container, Camilo enters 'Spanish' then hits ARROW_DOWN and ENTER into button that show us the form to language, Camilo clicks on button that show us the form to mobile container, Camilo enters 'Xiaomi' then hits ARROW_DOWN and ENTER into button that show us the form to movile, Camilo clicks on button that show us the form to model container, Camilo enters 'Mi A3' then hits ARROW_DOWN and ENTER into button that show us the form to model, Camilo clicks on button that show us the form to system container, Camilo enters 'Android 10' then hits ARROW_DOWN and ENTER into button that show us the form to system, Camilo clicks on button that show us the form to system], Camilo insert personal password [Camilo enters 'Camilo12345' into field to user password, Camilo enters 'Camilo12345' into field to confirm user password, Camilo clicks on Check box to permission 1, Camilo clicks on Check box to permission 2, Camilo clicks on Check box to permission 3, Camilo clicks on button that show us the form to password]]
[Test worker] WARN net.thucydides.core.steps.BaseStepListener - stepFinished: current outcome:Camilo's registration on the Utest page:Given that Camilo wants to register on the Utest page [Camilo open up [Camilo opens the Utest page, Camilo clicks on button that shows us the registration form]], When Enter all the required data and necessary permissions
| strName | strLastName | strEmail | strBirthMonth | strBirthDay | strBirthYear | strCity | strPostalCode | strCountry | strComputer | strVersion | strLanguage | strMobile | strModel | strSystem | strPassword |
| Camilo | Quevedo | camoeeee@hotmail.com | May | 26 | 1996 | Villavicencio | 500001 | Colombia | Windows | Windows 10 Home | Spanish | Xiaomi | Mi A3 | Android 10 | Camilo12345 | [Camilo insert personal data [Camilo enters 'Camilo' into button that show us the form to name, Camilo enters 'Quevedo' into button that show us the form to last name, Camilo enters 'camoeeee@hotmail.com' into button that show us the form to email, Camilo select May on button that show us the form to birth month, Camilo select 26 on button that show us the form to birthday, Camilo select 1996 on button that show us the form to birth year, Camilo clicks on button that directs to the next location], Camilo insert personal location [Camilo enters 'Villavicencio' into button that show us the form to city, Camilo types 'ARROW_DOWN' in button that show us the form to city, Camilo types 'ENTER' in button that show us the form to city, Camilo enters '500001' into button that show us the form to postal code, Camilo clicks on button that directs to the next devices], Camilo insert personal devices [Camilo clicks on button that show us the form to computer container, Camilo enters 'Windows' then hits ARROW_DOWN and ENTER into button that show us the form to computer, Camilo clicks on button that show us the form to version container, Camilo enters 'Windows 10 Home' then hits ARROW_DOWN and ENTER into button that show us the form to version, Camilo clicks on button that show us the form to language container, Camilo enters 'Spanish' then hits ARROW_DOWN and ENTER into button that show us the form to language, Camilo clicks on button that show us the form to mobile container, Camilo enters 'Xiaomi' then hits ARROW_DOWN and ENTER into button that show us the form to movile, Camilo clicks on button that show us the form to model container, Camilo enters 'Mi A3' then hits ARROW_DOWN and ENTER into button that show us the form to model, Camilo clicks on button that show us the form to system container, Camilo enters 'Android 10' then hits ARROW_DOWN and ENTER into button that show us the form to system, Camilo clicks on button that show us the form to system], Camilo insert personal password [Camilo enters 'Camilo12345' into field to user password, Camilo enters 'Camilo12345' into field to confirm user password, Camilo clicks on Check box to permission 1, Camilo clicks on Check box to permission 2, Camilo clicks on Check box to permission 3, Camilo clicks on button that show us the form to password]]
[Test worker] WARN net.thucydides.core.steps.BaseStepListener - stepStarted: net.thucydides.core.steps.ExecutedStepDescription@6885cafc
[Test worker] WARN net.thucydides.core.steps.BaseStepListener - stepStarted: net.thucydides.core.steps.ExecutedStepDescription@4b55ecdd
[Test worker] WARN net.thucydides.core.steps.BaseStepListener - stepFinished: current outcome:Camilo's registration on the Utest page:Given that Camilo wants to register on the Utest page [Camilo open up [Camilo opens the Utest page, Camilo clicks on button that shows us the registration form]], When Enter all the required data and necessary permissions
| strName | strLastName | strEmail | strBirthMonth | strBirthDay | strBirthYear | strCity | strPostalCode | strCountry | strComputer | strVersion | strLanguage | strMobile | strModel | strSystem | strPassword |
| Camilo | Quevedo | camoeeee@hotmail.com | May | 26 | 1996 | Villavicencio | 500001 | Colombia | Windows | Windows 10 Home | Spanish | Xiaomi | Mi A3 | Android 10 | Camilo12345 | [Camilo insert personal data [Camilo enters 'Camilo' into button that show us the form to name, Camilo enters 'Quevedo' into button that show us the form to last name, Camilo enters 'camoeeee@hotmail.com' into button that show us the form to email, Camilo select May on button that show us the form to birth month, Camilo select 26 on button that show us the form to birthday, Camilo select 1996 on button that show us the form to birth year, Camilo clicks on button that directs to the next location], Camilo insert personal location [Camilo enters 'Villavicencio' into button that show us the form to city, Camilo types 'ARROW_DOWN' in button that show us the form to city, Camilo types 'ENTER' in button that show us the form to city, Camilo enters '500001' into button that show us the form to postal code, Camilo clicks on button that directs to the next devices], Camilo insert personal devices [Camilo clicks on button that show us the form to computer container, Camilo enters 'Windows' then hits ARROW_DOWN and ENTER into button that show us the form to computer, Camilo clicks on button that show us the form to version container, Camilo enters 'Windows 10 Home' then hits ARROW_DOWN and ENTER into button that show us the form to version, Camilo clicks on button that show us the form to language container, Camilo enters 'Spanish' then hits ARROW_DOWN and ENTER into button that show us the form to language, Camilo clicks on button that show us the form to mobile container, Camilo enters 'Xiaomi' then hits ARROW_DOWN and ENTER into button that show us the form to movile, Camilo clicks on button that show us the form to model container, Camilo enters 'Mi A3' then hits ARROW_DOWN and ENTER into button that show us the form to model, Camilo clicks on button that show us the form to system container, Camilo enters 'Android 10' then hits ARROW_DOWN and ENTER into button that show us the form to system, Camilo clicks on button that show us the form to system], Camilo insert personal password [Camilo enters 'Camilo12345' into field to user password, Camilo enters 'Camilo12345' into field to confirm user password, Camilo clicks on Check box to permission 1, Camilo clicks on Check box to permission 2, Camilo clicks on Check box to permission 3, Camilo clicks on button that show us the form to password]], Then he completes the registration successfully on the page
| strFinalText |
| Welcome to the world's largest community of freelance software testers! | [Then response question]
[Test worker] WARN net.thucydides.core.steps.BaseStepListener - stepFinished: current outcome:Camilo's registration on the Utest page:Given that Camilo wants to register on the Utest page [Camilo open up [Camilo opens the Utest page, Camilo clicks on button that shows us the registration form]], When Enter all the required data and necessary permissions
| strName | strLastName | strEmail | strBirthMonth | strBirthDay | strBirthYear | strCity | strPostalCode | strCountry | strComputer | strVersion | strLanguage | strMobile | strModel | strSystem | strPassword |
| Camilo | Quevedo | camoeeee@hotmail.com | May | 26 | 1996 | Villavicencio | 500001 | Colombia | Windows | Windows 10 Home | Spanish | Xiaomi | Mi A3 | Android 10 | Camilo12345 | [Camilo insert personal data [Camilo enters 'Camilo' into button that show us the form to name, Camilo enters 'Quevedo' into button that show us the form to last name, Camilo enters 'camoeeee@hotmail.com' into button that show us the form to email, Camilo select May on button that show us the form to birth month, Camilo select 26 on button that show us the form to birthday, Camilo select 1996 on button that show us the form to birth year, Camilo clicks on button that directs to the next location], Camilo insert personal location [Camilo enters 'Villavicencio' into button that show us the form to city, Camilo types 'ARROW_DOWN' in button that show us the form to city, Camilo types 'ENTER' in button that show us the form to city, Camilo enters '500001' into button that show us the form to postal code, Camilo clicks on button that directs to the next devices], Camilo insert personal devices [Camilo clicks on button that show us the form to computer container, Camilo enters 'Windows' then hits ARROW_DOWN and ENTER into button that show us the form to computer, Camilo clicks on button that show us the form to version container, Camilo enters 'Windows 10 Home' then hits ARROW_DOWN and ENTER into button that show us the form to version, Camilo clicks on button that show us the form to language container, Camilo enters 'Spanish' then hits ARROW_DOWN and ENTER into button that show us the form to language, Camilo clicks on button that show us the form to mobile container, Camilo enters 'Xiaomi' then hits ARROW_DOWN and ENTER into button that show us the form to movile, Camilo clicks on button that show us the form to model container, Camilo enters 'Mi A3' then hits ARROW_DOWN and ENTER into button that show us the form to model, Camilo clicks on button that show us the form to system container, Camilo enters 'Android 10' then hits ARROW_DOWN and ENTER into button that show us the form to system, Camilo clicks on button that show us the form to system], Camilo insert personal password [Camilo enters 'Camilo12345' into field to user password, Camilo enters 'Camilo12345' into field to confirm user password, Camilo clicks on Check box to permission 1, Camilo clicks on Check box to permission 2, Camilo clicks on Check box to permission 3, Camilo clicks on button that show us the form to password]], Then he completes the registration successfully on the page
| strFinalText |
| Welcome to the world's largest community of freelance software testers! | [Then response question]
[Test worker] WARN net.thucydides.core.steps.BaseStepListener - testFinished: Camilo's registration on the Utest page:Given that Camilo wants to register on the Utest page [Camilo open up [Camilo opens the Utest page, Camilo clicks on button that shows us the registration form]], When Enter all the required data and necessary permissions
| strName | strLastName | strEmail | strBirthMonth | strBirthDay | strBirthYear | strCity | strPostalCode | strCountry | strComputer | strVersion | strLanguage | strMobile | strModel | strSystem | strPassword |
| Camilo | Quevedo | camoeeee@hotmail.com | May | 26 | 1996 | Villavicencio | 500001 | Colombia | Windows | Windows 10 Home | Spanish | Xiaomi | Mi A3 | Android 10 | Camilo12345 | [Camilo insert personal data [Camilo enters 'Camilo' into button that show us the form to name, Camilo enters 'Quevedo' into button that show us the form to last name, Camilo enters 'camoeeee@hotmail.com' into button that show us the form to email, Camilo select May on button that show us the form to birth month, Camilo select 26 on button that show us the form to birthday, Camilo select 1996 on button that show us the form to birth year, Camilo clicks on button that directs to the next location], Camilo insert personal location [Camilo enters 'Villavicencio' into button that show us the form to city, Camilo types 'ARROW_DOWN' in button that show us the form to city, Camilo types 'ENTER' in button that show us the form to city, Camilo enters '500001' into button that show us the form to postal code, Camilo clicks on button that directs to the next devices], Camilo insert personal devices [Camilo clicks on button that show us the form to computer container, Camilo enters 'Windows' then hits ARROW_DOWN and ENTER into button that show us the form to computer, Camilo clicks on button that show us the form to version container, Camilo enters 'Windows 10 Home' then hits ARROW_DOWN and ENTER into button that show us the form to version, Camilo clicks on button that show us the form to language container, Camilo enters 'Spanish' then hits ARROW_DOWN and ENTER into button that show us the form to language, Camilo clicks on button that show us the form to mobile container, Camilo enters 'Xiaomi' then hits ARROW_DOWN and ENTER into button that show us the form to movile, Camilo clicks on button that show us the form to model container, Camilo enters 'Mi A3' then hits ARROW_DOWN and ENTER into button that show us the form to model, Camilo clicks on button that show us the form to system container, Camilo enters 'Android 10' then hits ARROW_DOWN and ENTER into button that show us the form to system, Camilo clicks on button that show us the form to system], Camilo insert personal password [Camilo enters 'Camilo12345' into field to user password, Camilo enters 'Camilo12345' into field to confirm user password, Camilo clicks on Check box to permission 1, Camilo clicks on Check box to permission 2, Camilo clicks on Check box to permission 3, Camilo clicks on button that show us the form to password]], Then he completes the registration successfully on the page
| strFinalText |
| Welcome to the world's largest community of freelance software testers! | [Then response question]
[Test worker] WARN net.thucydides.core.steps.BaseStepListener - TestOutcomes: [Camilo's registration on the Utest page:Given that Camilo wants to register on the Utest page [Camilo open up [Camilo opens the Utest page, Camilo clicks on button that shows us the registration form]], When Enter all the required data and necessary permissions
| strName | strLastName | strEmail | strBirthMonth | strBirthDay | strBirthYear | strCity | strPostalCode | strCountry | strComputer | strVersion | strLanguage | strMobile | strModel | strSystem | strPassword |
| Camilo | Quevedo | camoeeee@hotmail.com | May | 26 | 1996 | Villavicencio | 500001 | Colombia | Windows | Windows 10 Home | Spanish | Xiaomi | Mi A3 | Android 10 | Camilo12345 | [Camilo insert personal data [Camilo enters 'Camilo' into button that show us the form to name, Camilo enters 'Quevedo' into button that show us the form to last name, Camilo enters 'camoeeee@hotmail.com' into button that show us the form to email, Camilo select May on button that show us the form to birth month, Camilo select 26 on button that show us the form to birthday, Camilo select 1996 on button that show us the form to birth year, Camilo clicks on button that directs to the next location], Camilo insert personal location [Camilo enters 'Villavicencio' into button that show us the form to city, Camilo types 'ARROW_DOWN' in button that show us the form to city, Camilo types 'ENTER' in button that show us the form to city, Camilo enters '500001' into button that show us the form to postal code, Camilo clicks on button that directs to the next devices], Camilo insert personal devices [Camilo clicks on button that show us the form to computer container, Camilo enters 'Windows' then hits ARROW_DOWN and ENTER into button that show us the form to computer, Camilo clicks on button that show us the form to version container, Camilo enters 'Windows 10 Home' then hits ARROW_DOWN and ENTER into button that show us the form to version, Camilo clicks on button that show us the form to language container, Camilo enters 'Spanish' then hits ARROW_DOWN and ENTER into button that show us the form to language, Camilo clicks on button that show us the form to mobile container, Camilo enters 'Xiaomi' then hits ARROW_DOWN and ENTER into button that show us the form to movile, Camilo clicks on button that show us the form to model container, Camilo enters 'Mi A3' then hits ARROW_DOWN and ENTER into button that show us the form to model, Camilo clicks on button that show us the form to system container, Camilo enters 'Android 10' then hits ARROW_DOWN and ENTER into button that show us the form to system, Camilo clicks on button that show us the form to system], Camilo insert personal password [Camilo enters 'Camilo12345' into field to user password, Camilo enters 'Camilo12345' into field to confirm user password, Camilo clicks on Check box to permission 1, Camilo clicks on Check box to permission 2, Camilo clicks on Check box to permission 3, Camilo clicks on button that show us the form to password]], Then he completes the registration successfully on the page
| strFinalText |
| Welcome to the world's largest community of freelance software testers! | [Then response question]]
[Test worker] WARN net.thucydides.core.steps.BaseStepListener - Final testOutcomes: [Camilo's registration on the Utest page:Given that Camilo wants to register on the Utest page [Camilo open up [Camilo opens the Utest page, Camilo clicks on button that shows us the registration form]], When Enter all the required data and necessary permissions
| strName | strLastName | strEmail | strBirthMonth | strBirthDay | strBirthYear | strCity | strPostalCode | strCountry | strComputer | strVersion | strLanguage | strMobile | strModel | strSystem | strPassword |
| Camilo | Quevedo | camoeeee@hotmail.com | May | 26 | 1996 | Villavicencio | 500001 | Colombia | Windows | Windows 10 Home | Spanish | Xiaomi | Mi A3 | Android 10 | Camilo12345 | [Camilo insert personal data [Camilo enters 'Camilo' into button that show us the form to name, Camilo enters 'Quevedo' into button that show us the form to last name, Camilo enters 'camoeeee@hotmail.com' into button that show us the form to email, Camilo select May on button that show us the form to birth month, Camilo select 26 on button that show us the form to birthday, Camilo select 1996 on button that show us the form to birth year, Camilo clicks on button that directs to the next location], Camilo insert personal location [Camilo enters 'Villavicencio' into button that show us the form to city, Camilo types 'ARROW_DOWN' in button that show us the form to city, Camilo types 'ENTER' in button that show us the form to city, Camilo enters '500001' into button that show us the form to postal code, Camilo clicks on button that directs to the next devices], Camilo insert personal devices [Camilo clicks on button that show us the form to computer container, Camilo enters 'Windows' then hits ARROW_DOWN and ENTER into button that show us the form to computer, Camilo clicks on button that show us the form to version container, Camilo enters 'Windows 10 Home' then hits ARROW_DOWN and ENTER into button that show us the form to version, Camilo clicks on button that show us the form to language container, Camilo enters 'Spanish' then hits ARROW_DOWN and ENTER into button that show us the form to language, Camilo clicks on button that show us the form to mobile container, Camilo enters 'Xiaomi' then hits ARROW_DOWN and ENTER into button that show us the form to movile, Camilo clicks on button that show us the form to model container, Camilo enters 'Mi A3' then hits ARROW_DOWN and ENTER into button that show us the form to model, Camilo clicks on button that show us the form to system container, Camilo enters 'Android 10' then hits ARROW_DOWN and ENTER into button that show us the form to system, Camilo clicks on button that show us the form to system], Camilo insert personal password [Camilo enters 'Camilo12345' into field to user password, Camilo enters 'Camilo12345' into field to confirm user password, Camilo clicks on Check box to permission 1, Camilo clicks on Check box to permission 2, Camilo clicks on Check box to permission 3, Camilo clicks on button that show us the form to password]], Then he completes the registration successfully on the page
| strFinalText |
| Welcome to the world's largest community of freelance software testers! | [Then response question]]
[Test worker] INFO net.thucydides.core.steps.ConsoleLoggingListener - 
        __    _____ _____ ____ _____   ____   _    ____  ____  _____ ____  
  _     \ \  |_   _| ____/ ___|_   _| |  _ \ / \  / ___|/ ___|| ____|  _ \ 
 (_)_____| |   | | |  _| \___ \ | |   | |_) / _ \ \___ \\___ \|  _| | | | |
  _|_____| |   | | | |___ ___) || |   |  __/ ___ \ ___) |___) | |___| |_| |
 (_)     | |   |_| |_____|____/ |_|   |_| /_/   \_\____/|____/|_____|____/ 
        /_/                                                                

TEST PASSED: Camilo's registration on the Utest page
----------------------------------------------------------------------------
]]></system-err>
</testsuite>
